<?xml version="1.0" encoding="UTF-8"?>
<testng-results skipped="0" failed="0" ignored="0" total="1" passed="1">
  <reporter-output>
  </reporter-output>
  <suite name="Default suite" duration-ms="53626" started-at="2023-05-20T13:47:32 IST" finished-at="2023-05-20T13:48:26 IST">
    <groups>
    </groups>
    <test name="Default test" duration-ms="53626" started-at="2023-05-20T13:47:32 IST" finished-at="2023-05-20T13:48:26 IST">
      <class name="com.Translate.Translate">
        <test-method status="PASS" signature="drivenData()[pri:0, instance:com.Translate.Translate@4fb64261]" name="drivenData" duration-ms="53558" started-at="2023-05-20T13:47:32 IST" finished-at="2023-05-20T13:48:25 IST">
          <reporter-output>
          </reporter-output>
        </test-method> <!-- drivenData -->
      </class> <!-- com.Translate.Translate -->
    </test> <!-- Default test -->
  </suite> <!-- Default suite -->
</testng-results>
